[    0.000000] Initializing cgroup subsys cpuset
[    0.000000] Initializing cgroup subsys cpu
[    0.000000] Initializing cgroup subsys cpuacct
[    0.000000] Linux version 4.4.0-130-generic (buildd@lgw01-amd64-039) (gcc version 5.4.0 20160609 (Ubuntu 5.4.0-6ubuntu1~16.04.9) ) #156-Ubuntu SMP Thu Jun 14 08:53:28 UTC 2018 (Ubuntu 4.4.0-130.156-generic 4.4.134)
[    0.000000] Command line: BOOT_IMAGE=/boot/vmlinuz-4.4.0-130-generic root=LABEL=cloudimg-rootfs ro console=tty1 console=ttyS0
[    0.000000] KERNEL supported cpus:
[    0.000000]   Intel GenuineIntel
[    0.000000]   AMD AuthenticAMD
[    0.000000]   Centaur CentaurHauls
[    0.000000] ------------[ cut here ]------------
[    0.000000] WARNING: CPU: 0 PID: 0 at /build/linux-c2Z51P/linux-4.4.0/arch/x86/kernel/fpu/xstate.c:517 fpu__init_system_xstate+0x38a/0x759()
[    0.000000] XSAVE consistency problem, dumping leaves
[    0.000000] Modules linked in:
[    0.000000] CPU: 0 PID: 0 Comm: swapper Not tainted 4.4.0-130-generic #156-Ubuntu
[    0.000000]  0000000000000086 cac001f8dbc75077 ffffffff81e03d70 ffffffff81401c43
[    0.000000]  ffffffff81e03db8 ffffffff81caccb0 ffffffff81e03da8 ffffffff810844c2
[    0.000000]  ffffffff81e03e38 ffffffff81e03e3c 0000000000000008 0000000000000100
[    0.000000] Call Trace:
[    0.000000]  [<ffffffff81401c43>] dump_stack+0x63/0x90
[    0.000000]  [<ffffffff810844c2>] warn_slowpath_common+0x82/0xc0
[    0.000000]  [<ffffffff8108455c>] warn_slowpath_fmt+0x5c/0x80
[    0.000000]  [<ffffffff8108007b>] ? xfeature_size+0x59/0x77
[    0.000000]  [<ffffffff81f73294>] fpu__init_system_xstate+0x38a/0x759
[    0.000000]  [<ffffffff81f63120>] ? early_idt_handler_array+0x120/0x120
[    0.000000]  [<ffffffff81f72c22>] fpu__init_system+0x21a/0x330
[    0.000000]  [<ffffffff81f73e29>] early_cpu_init+0x1da/0x1e0
[    0.000000]  [<ffffffff81f73e29>] ? early_cpu_init+0x1da/0x1e0
[    0.000000]  [<ffffffff81f6f171>] setup_arch+0xb4/0xd13
[    0.000000]  [<ffffffff81f63120>] ? early_idt_handler_array+0x120/0x120
[    0.000000]  [<ffffffff81f63c75>] start_kernel+0xe2/0x4a4
[    0.000000]  [<ffffffff81f63120>] ? early_idt_handler_array+0x120/0x120
[    0.000000]  [<ffffffff81f63339>] x86_64_start_reservations+0x2a/0x2c
[    0.000000]  [<ffffffff81f63485>] x86_64_start_kernel+0x14a/0x16d
[    0.000000] ---[ end trace 4d5ff9f2f68c4233 ]---
[    0.000000] CPUID[0d, 00]: eax=00000007 ebx=00000440 ecx=00000440 edx=00000000
[    0.000000] CPUID[0d, 01]: eax=00000000 ebx=00000440 ecx=00000000 edx=00000000
[    0.000000] CPUID[0d, 02]: eax=00000100 ebx=00000240 ecx=00000000 edx=00000000
[    0.000000] CPUID[0d, 03]: eax=00000000 ebx=00000000 ecx=00000000 edx=00000000
[    0.000000] CPUID[0d, 04]: eax=00000000 ebx=00000000 ecx=00000000 edx=00000000
[    0.000000] CPUID[0d, 05]: eax=00000000 ebx=00000000 ecx=00000000 edx=00000000
[    0.000000] CPUID[0d, 06]: eax=00000000 ebx=00000000 ecx=00000000 edx=00000000
[    0.000000] CPUID[0d, 07]: eax=00000000 ebx=00000000 ecx=00000000 edx=00000000
[    0.000000] CPUID[0d, 08]: eax=00000000 ebx=00000000 ecx=00000000 edx=00000000
[    0.000000] CPUID[0d, 09]: eax=00000000 ebx=00000000 ecx=00000000 edx=00000000
[    0.000000] CPUID[0d, 0a]: eax=00000000 ebx=00000000 ecx=00000000 edx=00000000
[    0.000000] CPUID[0d, 0b]: eax=00000000 ebx=00000000 ecx=00000000 edx=00000000
[    0.000000] CPUID[0d, 0c]: eax=00000000 ebx=00000000 ecx=00000000 edx=00000000
[    0.000000] CPUID[0d, 0d]: eax=00000000 ebx=00000000 ecx=00000000 edx=00000000
[    0.000000] CPUID[0d, 0e]: eax=00000000 ebx=00000000 ecx=00000000 edx=00000000
[    0.000000] CPUID[0d, 0f]: eax=00000000 ebx=00000000 ecx=00000000 edx=00000000
[    0.000000] CPUID[0d, 10]: eax=00000000 ebx=00000000 ecx=00000000 edx=00000000
[    0.000000] CPUID[0d, 11]: eax=00000000 ebx=00000000 ecx=00000000 edx=00000000
[    0.000000] x86/fpu: xstate_offset[2]:  576, xstate_sizes[2]:  256
[    0.000000] x86/fpu: Supporting XSAVE feature 0x01: 'x87 floating point registers'
[    0.000000] x86/fpu: Supporting XSAVE feature 0x02: 'SSE registers'
[    0.000000] x86/fpu: Supporting XSAVE feature 0x04: 'AVX registers'
[    0.000000] x86/fpu: Enabled xstate features 0x7, context size is 1088 bytes, using 'standard' format.
[    0.000000] x86/fpu: Using 'eager' FPU context switches.
[    0.000000] e820: BIOS-provided physical RAM map:
[    0.000000] BIOS-e820: [mem 0x0000000000000000-0x000000000009fbff] usable
[    0.000000] BIOS-e820: [mem 0x000000000009fc00-0x000000000009ffff] reserved
[    0.000000] BIOS-e820: [mem 0x00000000000f0000-0x00000000000fffff] reserved
[    0.000000] BIOS-e820: [mem 0x0000000000100000-0x000000003ffeffff] usable
[    0.000000] BIOS-e820: [mem 0x000000003fff0000-0x000000003fffffff] ACPI data
[    0.000000] BIOS-e820: [mem 0x00000000fec00000-0x00000000fec00fff] reserved
[    0.000000] BIOS-e820: [mem 0x00000000fee00000-0x00000000fee00fff] reserved
[    0.000000] BIOS-e820: [mem 0x00000000fffc0000-0x00000000ffffffff] reserved
[    0.000000] NX (Execute Disable) protection: active
[    0.000000] SMBIOS 2.5 present.
[    0.000000] Hypervisor detected: KVM
[    0.000000] e820: last_pfn = 0x3fff0 max_arch_pfn = 0x400000000
[    0.000000] MTRR: Disabled
[    0.000000] x86/PAT: MTRRs disabled, skipping PAT initialization too.
[    0.000000] CPU MTRRs all blank - virtualized system.
[    0.000000] x86/PAT: Configuration [0-7]: WB  WT  UC- UC  WB  WT  UC- UC  
[    0.000000] found SMP MP-table at [mem 0x0009fff0-0x0009ffff] mapped at [ffff88000009fff0]
[    0.000000] Scanning 1 areas for low memory corruption
[    0.000000] RAMDISK: [mem 0x36aa2000-0x37548fff]
[    0.000000] ACPI: Early table checksum verification disabled
[    0.000000] ACPI: RSDP 0x00000000000E0000 000024 (v02 VBOX  )
[    0.000000] ACPI: XSDT 0x000000003FFF0030 00003C (v01 VBOX   VBOXXSDT 00000001 ASL  00000061)
[    0.000000] ACPI: FACP 0x000000003FFF00F0 0000F4 (v04 VBOX   VBOXFACP 00000001 ASL  00000061)
[    0.000000] ACPI: DSDT 0x000000003FFF0470 0021FF (v02 VBOX   VBOXBIOS 00000002 INTL 20100528)
[    0.000000] ACPI: FACS 0x000000003FFF0200 000040
[    0.000000] ACPI: FACS 0x000000003FFF0200 000040
[    0.000000] ACPI: APIC 0x000000003FFF0240 00005C (v02 VBOX   VBOXAPIC 00000001 ASL  00000061)
[    0.000000] ACPI: SSDT 0x000000003FFF02A0 0001CC (v01 VBOX   VBOXCPUT 00000002 INTL 20100528)
[    0.000000] No NUMA configuration found
[    0.000000] Faking a node at [mem 0x0000000000000000-0x000000003ffeffff]
[    0.000000] NODE_DATA(0) allocated [mem 0x3ffeb000-0x3ffeffff]
[    0.000000] kvm-clock: Using msrs 4b564d01 and 4b564d00
[    0.000000] kvm-clock: cpu 0, msr 0:3ffe3001, primary cpu clock
[    0.000000] kvm-clock: using sched offset of 3057534479 cycles
[    0.000000] clocksource: kvm-clock: mask: 0xffffffffffffffff max_cycles: 0x1cd42e4dffb, max_idle_ns: 881590591483 ns
[    0.000000] Zone ranges:
[    0.000000]   DMA      [mem 0x0000000000001000-0x0000000000ffffff]
[    0.000000]   DMA32    [mem 0x0000000001000000-0x000000003ffeffff]
[    0.000000]   Normal   empty
[    0.000000]   Device   empty
[    0.000000] Movable zone start for each node
[    0.000000] Early memory node ranges
[    0.000000]   node   0: [mem 0x0000000000001000-0x000000000009efff]
[    0.000000]   node   0: [mem 0x0000000000100000-0x000000003ffeffff]
[    0.000000] Initmem setup node 0 [mem 0x0000000000001000-0x000000003ffeffff]
[    0.000000] ACPI: PM-Timer IO Port: 0x4008
[    0.000000] IOAPIC[0]: apic_id 2, version 32, address 0xfec00000, GSI 0-23
[    0.000000] ACPI: INT_SRC_OVR (bus 0 bus_irq 0 global_irq 2 dfl dfl)
[    0.000000] ACPI: INT_SRC_OVR (bus 0 bus_irq 9 global_irq 9 high level)
[    0.000000] Using ACPI (MADT) for SMP configuration information
[    0.000000] smpboot: Allowing 2 CPUs, 0 hotplug CPUs
[    0.000000] PM: Registered nosave memory: [mem 0x00000000-0x00000fff]
[    0.000000] PM: Registered nosave memory: [mem 0x0009f000-0x0009ffff]
[    0.000000] PM: Registered nosave memory: [mem 0x000a0000-0x000effff]
[    0.000000] PM: Registered nosave memory: [mem 0x000f0000-0x000fffff]
[    0.000000] e820: [mem 0x40000000-0xfebfffff] available for PCI devices
[    0.000000] Booting paravirtualized kernel on KVM
[    0.000000] clocksource: refined-jiffies: mask: 0xffffffff max_cycles: 0xffffffff, max_idle_ns: 7645519600211568 ns
[    0.000000] setup_percpu: NR_CPUS:512 nr_cpumask_bits:512 nr_cpu_ids:2 nr_node_ids:1
[    0.000000] PERCPU: Embedded 34 pages/cpu @ffff88003fc00000 s99544 r8192 d31528 u1048576
[    0.000000] PV qspinlock hash table entries: 256 (order: 0, 4096 bytes)
[    0.000000] Built 1 zonelists in Node order, mobility grouping on.  Total pages: 257912
[    0.000000] Policy zone: DMA32
[    0.000000] Kernel command line: BOOT_IMAGE=/boot/vmlinuz-4.4.0-130-generic root=LABEL=cloudimg-rootfs ro console=tty1 console=ttyS0
[    0.000000] PID hash table entries: 4096 (order: 3, 32768 bytes)
[    0.000000] Memory: 1001608K/1048120K available (8546K kernel code, 1313K rwdata, 4000K rodata, 1516K init, 1316K bss, 46512K reserved, 0K cma-reserved)
[    0.000000] SLUB: HWalign=64, Order=0-3, MinObjects=0, CPUs=2, Nodes=1
[    0.000000] Kernel/User page tables isolation: enabled
[    0.000000] Hierarchical RCU implementation.
[    0.000000] 	Build-time adjustment of leaf fanout to 64.
[    0.000000] 	RCU restricting CPUs from NR_CPUS=512 to nr_cpu_ids=2.
[    0.000000] RCU: Adjusting geometry for rcu_fanout_leaf=64, nr_cpu_ids=2
[    0.000000] NR_IRQS:33024 nr_irqs:440 16
[    0.000000] Console: colour VGA+ 80x25
[    0.000000] console [tty1] enabled
[    0.000000] console [ttyS0] enabled
[    0.000000] tsc: Detected 2808.002 MHz processor
[   27.687072] Calibrating delay loop (skipped) preset value.. 5616.00 BogoMIPS (lpj=11232008)
[   27.839099] pid_max: default: 32768 minimum: 301
[   27.909523] ACPI: Core revision 20150930
[   28.002468] ACPI: 2 ACPI AML tables successfully acquired and loaded
[   28.162137] Security Framework initialized
[   28.307702] Yama: becoming mindful.
[   28.427721] AppArmor: AppArmor initialized
[   28.553822] Dentry cache hash table entries: 131072 (order: 8, 1048576 bytes)
[   28.798002] Inode-cache hash table entries: 65536 (order: 7, 524288 bytes)
[   29.017413] Mount-cache hash table entries: 2048 (order: 2, 16384 bytes)
[   29.184241] Mountpoint-cache hash table entries: 2048 (order: 2, 16384 bytes)
[   29.318064] Initializing cgroup subsys io
[   29.440807] Initializing cgroup subsys memory
[   29.581390] Initializing cgroup subsys devices
[   29.731663] Initializing cgroup subsys freezer
[   29.863493] Initializing cgroup subsys net_cls
[   30.005920] Initializing cgroup subsys perf_event
[   30.129867] Initializing cgroup subsys net_prio
[   30.250919] Initializing cgroup subsys hugetlb
[   30.416841] Initializing cgroup subsys pids
[   30.554498] CPU: Physical Processor ID: 0
[   30.693014] CPU: Processor Core ID: 0
[   30.816859] mce: CPU supports 0 MCE banks
[   30.930858] Last level iTLB entries: 4KB 64, 2MB 8, 4MB 8
[   31.104364] Last level dTLB entries: 4KB 64, 2MB 0, 4MB 0, 1GB 4
[   31.251809] Spectre V2 : Mitigation: Full generic retpoline
[   31.433093] Spectre V2 : Speculation control IBPB not-supported IBRS not-supported
[   31.670124] Spectre V2 : Filling RSB on context switch
[   31.854524] Speculative Store Bypass: Vulnerable
[   32.023753] Freeing SMP alternatives memory: 32K
[   32.083656] ftrace: allocating 32245 entries in 126 pages
[   32.330646] smpboot: APIC(0) Converting physical 0 to logical package 0
[   32.548565] smpboot: Max logical packages: 1
[   32.687333] x2apic enabled
[   32.774152] Switched APIC routing to physical x2apic.
[   32.950991] ..TIMER: vector=0x30 apic1=0 pin1=2 apic2=-1 pin2=-1
[   33.269200] smpboot: CPU0: Intel(R) Core(TM) i7-7700HQ CPU @ 2.80GHz (family: 0x6, model: 0x9e, stepping: 0x9)
[   33.475511] Performance Events: unsupported p6 CPU model 158 no PMU driver, software events only.
[   33.779383] KVM setup paravirtual spinlock
[   33.911490] x86: Booting SMP configuration:
[   34.055351] .... node  #0, CPUs:      #1
[   34.170331] kvm-clock: cpu 1, msr 0:3ffe3041, secondary cpu clock
[   34.291127] mce: CPU supports 0 MCE banks
[   34.360411] x86: Booted up 1 node, 2 CPUs
[   34.417737] smpboot: Total of 2 processors activated (11232.00 BogoMIPS)
[   34.598715] devtmpfs: initialized
[   34.712893] evm: security.selinux
[   34.811733] evm: security.SMACK64
[   34.909386] evm: security.SMACK64EXEC
[   35.031341] evm: security.SMACK64TRANSMUTE
[   35.164061] evm: security.SMACK64MMAP
[   35.280191] evm: security.ima
[   35.369994] evm: security.capability
[   35.458161] clocksource: jiffies: mask: 0xffffffff max_cycles: 0xffffffff, max_idle_ns: 7645041785100000 ns
[   35.706783] futex hash table entries: 512 (order: 3, 32768 bytes)
[   35.877892] pinctrl core: initialized pinctrl subsystem
[   35.962663] RTC time:  4:16:03, date: 07/26/18
[   36.015764] NET: Registered protocol family 16
[   36.040980] cpuidle: using governor ladder
[   36.068344] cpuidle: using governor menu
[   36.087800] PCCT header not found.
[   36.111219] ACPI: bus type PCI registered
[   36.127847] acpiphp: ACPI Hot Plug PCI Controller Driver version: 0.5
[   36.129984] PCI: Using configuration type 1 for base access
[   36.149135] ACPI: Added _OSI(Module Device)
[   36.162886] ACPI: Added _OSI(Processor Device)
[   36.179430] ACPI: Added _OSI(3.0 _SCP Extensions)
[   36.198586] ACPI: Added _OSI(Processor Aggregator Device)
[   36.229892] ACPI: Executed 1 blocks of module-level executable AML code
[   36.449087] ACPI: Interpreter enabled
[   36.463537] ACPI: (supports S0 S5)
[   36.524629] ACPI: Using IOAPIC for interrupt routing
[   36.582876] PCI: Using host bridge windows from ACPI; if necessary, use "pci=nocrs" and report a bug
[   36.827635] ACPI: PCI Root Bridge [PCI0] (domain 0000 [bus 00-ff])
[   36.984468] acpi PNP0A03:00: _OSC: OS supports [ASPM ClockPM Segments MSI]
[   37.169886] acpi PNP0A03:00: _OSC: not requesting OS control; OS requires [ExtendedConfig ASPM ClockPM MSI]
[   37.357909] acpi PNP0A03:00: fail to add MMCONFIG information, can't access extended PCI configuration space under this bridge.
[   37.493710] PCI host bridge to bus 0000:00
[   37.509596] pci_bus 0000:00: root bus resource [io  0x0000-0x0cf7 window]
[   37.524052] pci_bus 0000:00: root bus resource [io  0x0d00-0xffff window]
[   37.559238] pci_bus 0000:00: root bus resource [mem 0x000a0000-0x000bffff window]
[   37.619079] pci_bus 0000:00: root bus resource [mem 0x40000000-0xffdfffff window]
[   37.795760] pci_bus 0000:00: root bus resource [bus 00-ff]
[   37.971931] pci 0000:00:01.1: legacy IDE quirk: reg 0x10: [io  0x01f0-0x01f7]
[   38.190710] pci 0000:00:01.1: legacy IDE quirk: reg 0x14: [io  0x03f6]
[   38.382951] pci 0000:00:01.1: legacy IDE quirk: reg 0x18: [io  0x0170-0x0177]
[   38.596279] pci 0000:00:01.1: legacy IDE quirk: reg 0x1c: [io  0x0376]
[   38.770937] pci 0000:00:07.0: quirk: [io  0x4000-0x403f] claimed by PIIX4 ACPI
[   38.933209] pci 0000:00:07.0: quirk: [io  0x4100-0x410f] claimed by PIIX4 SMB
[   39.136774] ACPI: PCI Interrupt Link [LNKA] (IRQs 5 9 10 *11)
[   39.299022] ACPI: PCI Interrupt Link [LNKB] (IRQs 5 9 10 *11)
[   39.500351] ACPI: PCI Interrupt Link [LNKC] (IRQs 5 9 *10 11)
[   39.675782] ACPI: PCI Interrupt Link [LNKD] (IRQs 5 *9 10 11)
[   39.784128] ACPI: Enabled 2 GPEs in block 00 to 07
[   39.915924] vgaarb: setting as boot device: PCI:0000:00:02.0
[   40.090404] vgaarb: device added: PCI:0000:00:02.0,decodes=io+mem,owns=io+mem,locks=none
[   40.346449] vgaarb: loaded
[   40.426623] vgaarb: bridge control possible 0000:00:02.0
[   40.607937] SCSI subsystem initialized
[   40.717078] ACPI: bus type USB registered
[   40.811674] usbcore: registered new interface driver usbfs
[   40.911354] usbcore: registered new interface driver hub
[   41.055714] usbcore: registered new device driver usb
[   41.224750] PCI: Using ACPI for IRQ routing
[   41.351652] NetLabel: Initializing
[   41.467043] NetLabel:  domain hash size = 128
[   41.582679] NetLabel:  protocols = UNLABELED CIPSOv4
[   41.750569] NetLabel:  unlabeled traffic allowed by default
[   41.894512] amd_nb: Cannot enumerate AMD northbridges
[   41.986903] clocksource: Switched to clocksource kvm-clock
[   42.174989] AppArmor: AppArmor Filesystem Enabled
[   42.331334] pnp: PnP ACPI init
[   42.459866] pnp: PnP ACPI: found 3 devices
[   42.617183] clocksource: acpi_pm: mask: 0xffffff max_cycles: 0xffffff, max_idle_ns: 2085701024 ns
[   42.774831] NET: Registered protocol family 2
[   42.882842] TCP established hash table entries: 8192 (order: 4, 65536 bytes)
[   42.975273] TCP bind hash table entries: 8192 (order: 5, 131072 bytes)
[   42.993611] TCP: Hash tables configured (established 8192 bind 8192)
[   43.053598] UDP hash table entries: 512 (order: 2, 16384 bytes)
[   43.135205] UDP-Lite hash table entries: 512 (order: 2, 16384 bytes)
[   43.264115] NET: Registered protocol family 1
[   43.384553] pci 0000:00:00.0: Limiting direct PCI/PCI transfers
[   43.527955] pci 0000:00:01.0: Activating ISA DMA hang workarounds
[   43.698819] Unpacking initramfs...
[   45.851642] Freeing initrd memory: 10908K
[   45.995287] platform rtc_cmos: registered platform RTC device (no PNP device found)
[   46.191878] Scanning for low memory corruption every 60 seconds
[   46.358595] audit: initializing netlink subsys (disabled)
[   46.478320] audit: type=2000 audit(1532578537.156:1): initialized
[   46.617390] Initialise system trusted keyring
[   46.704055] HugeTLB registered 2 MB page size, pre-allocated 0 pages
[   46.793237] zbud: loaded
[   46.828257] VFS: Disk quotas dquot_6.6.0
[   46.829214] VFS: Dquot-cache hash table entries: 512 (order 0, 4096 bytes)
[   46.830803] squashfs: version 4.0 (2009/01/31) Phillip Lougher
[   46.832551] fuse init (API version 7.23)
[   46.835112] Key type big_key registered
[   46.836050] Allocating IMA MOK and blacklist keyrings.
[   46.838822] Key type asymmetric registered
[   46.843360] Asymmetric key parser 'x509' registered
[   46.939998] Block layer SCSI generic (bsg) driver version 0.4 loaded (major 249)
[   47.040579] tsc: Refined TSC clocksource calibration: 2806.104 MHz
[   47.054324] clocksource: tsc: mask: 0xffffffffffffffff max_cycles: 0x2872c6e1547, max_idle_ns: 440795230485 ns
[   47.054415] io scheduler noop registered
[   47.054416] io scheduler deadline registered (default)
[   47.054458] io scheduler cfq registered
[   47.054563] pci_hotplug: PCI Hot Plug PCI Core version: 0.5
[   47.054568] pciehp: PCI Express Hot Plug Controller Driver version: 0.4
[   47.054679] ACPI: AC Adapter [AC] (on-line)
[   47.054724] input: Power Button as /devices/LNXSYSTM:00/LNXPWRBN:00/input/input0
[   47.054726] ACPI: Power Button [PWRF]
[   47.054787] input: Sleep Button as /devices/LNXSYSTM:00/LNXSLPBN:00/input/input1
[   47.054788] ACPI: Sleep Button [SLPF]
[   47.054912] GHES: HEST is not enabled!
[   47.055610] ACPI: Battery Slot [BAT0] (battery present)
[   47.059545] Serial: 8250/16550 driver, 32 ports, IRQ sharing enabled
[   47.082747] 00:02: ttyS0 at I/O 0x3f8 (irq = 4, base_baud = 115200) is a 16550A
[   47.174861] Linux agpgart interface v0.103
[   47.233755] loop: module loaded
[   47.234294] scsi host0: ata_piix
[   47.234365] scsi host1: ata_piix
[   47.234408] ata1: PATA max UDMA/33 cmd 0x1f0 ctl 0x3f6 bmdma 0xd000 irq 14
[   47.234409] ata2: PATA max UDMA/33 cmd 0x170 ctl 0x376 bmdma 0xd008 irq 15
[   47.234523] libphy: Fixed MDIO Bus: probed
[   47.234525] tun: Universal TUN/TAP device driver, 1.6
[   47.234525] tun: (C) 1999-2004 Max Krasnyansky <maxk@qualcomm.com>
[   47.235066] PPP generic driver version 2.4.2
[   47.235122] ehci_hcd: USB 2.0 'Enhanced' Host Controller (EHCI) Driver
[   47.235124] ehci-pci: EHCI PCI platform driver
[   47.235132] ehci-platform: EHCI generic platform driver
[   47.235138] ohci_hcd: USB 1.1 'Open' Host Controller (OHCI) Driver
[   47.235140] ohci-pci: OHCI PCI platform driver
[   47.235147] ohci-platform: OHCI generic platform driver
[   47.235153] uhci_hcd: USB Universal Host Controller Interface driver
[   47.235194] i8042: PNP: PS/2 Controller [PNP0303:PS2K,PNP0f03:PS2M] at 0x60,0x64 irq 1,12
[   47.235809] serio: i8042 KBD port at 0x60,0x64 irq 1
[   47.235812] serio: i8042 AUX port at 0x60,0x64 irq 12
[   47.235908] mousedev: PS/2 mouse device common for all mice
[   47.236185] input: AT Translated Set 2 keyboard as /devices/platform/i8042/serio0/input/input2
[   47.236508] rtc_cmos rtc_cmos: rtc core: registered rtc_cmos as rtc0
[   47.236572] rtc_cmos rtc_cmos: alarms up to one day, 114 bytes nvram
[   47.236576] i2c /dev entries driver
[   47.236616] device-mapper: uevent: version 1.0.3
[   47.236664] device-mapper: ioctl: 4.34.0-ioctl (2015-10-28) initialised: dm-devel@redhat.com
[   47.236677] ledtrig-cpu: registered to indicate activity on CPUs
[   47.237158] NET: Registered protocol family 10
[   47.237267] NET: Registered protocol family 17
[   47.237277] Key type dns_resolver registered
[   47.237458] registered taskstats version 1
[   47.237474] Loading compiled-in X.509 certificates
[   47.237968] Loaded X.509 cert 'Build time autogenerated kernel key: b3e0fe4bcd6378c38a2c0a4648abbc1fa5043a22'
[   47.237980] zswap: loaded using pool lzo/zbud
[   47.239505] Key type trusted registered
[   47.242199] Key type encrypted registered
[   47.242203] AppArmor: AppArmor sha1 policy hashing enabled
[   47.242206] ima: No TPM chip found, activating TPM-bypass!
[   47.242209] ima: Allocated hash algorithm: sha1
[   47.242219] evm: HMAC attrs: 0x1
[   47.242432]   Magic number: 10:102:263
[   47.246672] rtc_cmos rtc_cmos: setting system clock to 2018-07-26 04:16:14 UTC (1532578574)
[   47.246788] BIOS EDD facility v0.16 2004-Jun-25, 0 devices found
[   47.246788] EDD information not available.
[   51.211115] Freeing unused kernel memory: 1516K
[   51.367035] Write protecting the kernel read-only data: 14336k
[   51.559491] Freeing unused kernel memory: 1680K
[   51.724060] Freeing unused kernel memory: 96K
Loading, please [   51.896129] random: systemd-udevd: uninitialized urandom read (16 bytes read, 7 bits of entropy available)
wait...
startin[   51.897179] random: udevadm: uninitialized urandom read (16 bytes read, 7 bits of entropy available)
g version 229
[   51.897198] random: udevadm: uninitialized urandom read (16 bytes read, 7 bits of entropy available)
[   51.908458] random: udevadm: uninitialized urandom read (16 bytes read, 7 bits of entropy available)
[   51.908504] random: udevadm: uninitialized urandom read (16 bytes read, 7 bits of entropy available)
[   51.908691] random: udevadm: uninitialized urandom read (16 bytes read, 7 bits of entropy available)
[   51.908756] random: udevadm: uninitialized urandom read (16 bytes read, 7 bits of entropy available)
[   51.908819] random: udevadm: uninitialized urandom read (16 bytes read, 7 bits of entropy available)
[   51.908886] random: udevadm: uninitialized urandom read (16 bytes read, 7 bits of entropy available)
[   51.908949] random: udevadm: uninitialized urandom read (16 bytes read, 7 bits of entropy available)
[   54.438024] e1000: Intel(R) PRO/1000 Network Driver - version 7.3.21-k8-NAPI
[   54.622567] e1000: Copyright (c) 1999-2006 Intel Corporation.
[   54.745373] Fusion MPT base driver 3.04.20
[   54.822582] Copyright (c) 1999-2008 LSI Corporation
[   54.910726] Fusion MPT SPI Host driver 3.04.20
[   54.980298] input: ImExPS/2 Generic Explorer Mouse as /devices/platform/i8042/serio1/input/input4
[   55.011880] mptbase: ioc0: Initiating bringup
[   55.012449] AVX version of gcm_enc/dec engaged.
[   55.012449] AES CTR mode by8 optimization enabled
[   55.428103] ioc0: LSI53C1030 A0: Capabilities={Initiator}
[   55.776744] scsi host2: ioc0: LSI53C1030 A0, FwRev=00000000h, Ports=1, MaxQ=256, IRQ=20
[   56.155506] scsi 2:0:0:0: Direct-Access     VBOX     HARDDISK         1.0  PQ: 0 ANSI: 5
[   56.438836] scsi target2:0:0: Beginning Domain Validation
[   56.604691] scsi target2:0:0: Domain Validation skipping write tests
[   56.809740] scsi target2:0:0: Ending Domain Validation
[   56.857912] scsi target2:0:0: asynchronous
[   56.937864] scsi 2:0:1:0: Direct-Access     VBOX     HARDDISK         1.0  PQ: 0 ANSI: 5
[   57.161228] e1000 0000:00:03.0 eth0: (PCI:33MHz:32-bit) 02:e8:84:b6:e7:35
[   57.161231] e1000 0000:00:03.0 eth0: Intel(R) PRO/1000 Network Connection
[   57.363807] e1000 0000:00:03.0 enp0s3: renamed from eth0
[   57.770041] scsi target2:0:1: Beginning Domain Validation
[   57.785081] scsi target2:0:1: Domain Validation skipping write tests
[   57.906136] scsi target2:0:1: Ending Domain Validation
[   57.914367] scsi target2:0:1: asynchronous
[   58.016178] sd 2:0:0:0: [sda] 20971520 512-byte logical blocks: (10.7 GB/10.0 GiB)
[   58.016440] sd 2:0:0:0: Attached scsi generic sg0 type 0
[   58.159107] sd 2:0:1:0: Attached scsi generic sg1 type 0
[   58.322615] sd 2:0:1:0: [sdb] 20480 512-byte logical blocks: (10.5 MB/10.0 MiB)
[   58.497007] sd 2:0:0:0: [sda] Write Protect is off
[   58.636795] sd 2:0:1:0: [sdb] Write Protect is off
[   58.759718] sd 2:0:0:0: [sda] Incomplete mode parameter data
[   58.763061] sd 2:0:1:0: [sdb] Incomplete mode parameter data
[   58.763062] sd 2:0:1:0: [sdb] Assuming drive cache: write through
[   58.875683] sd 2:0:1:0: [sdb] Attached SCSI disk
[   58.982531] sd 2:0:0:0: [sda] Assuming drive cache: write through
[   58.988939]  sda: sda1
[   59.028050] sd 2:0:0:0: [sda] Attached SCSI disk
Begin: Loading e[   60.593440] md: linear personality registered for level -1
ssential drivers[   60.785384] md: multipath personality registered for level -4
 ... [   60.964951] md: raid0 personality registered for level 0
[   61.070112] md: raid1 personality registered for level 1
[   61.235249] raid6: sse2x1   gen()  9872 MB/s
[   61.450919] raid6: sse2x1   xor()  6217 MB/s
[   61.647065] raid6: sse2x2   gen() 11833 MB/s
[   61.851058] raid6: sse2x2   xor()  8008 MB/s
[   62.062915] raid6: sse2x4   gen() 13420 MB/s
[   62.251204] raid6: sse2x4   xor()  8616 MB/s
[   62.396225] raid6: using algorithm sse2x4 gen() 13420 MB/s
[   62.570929] raid6: .... xor() 8616 MB/s, rmw enabled
[   62.731913] raid6: using ssse3x2 recovery algorithm
[   62.888178] xor: automatically using best checksumming function:
[   62.955398]    avx       : 25509.000 MB/sec
[   63.074436] async_tx: api initialized (async)
[   63.156723] md: raid6 personality registered for level 6
[   63.256545] md: raid5 personality registered for level 5
[   63.356413] md: raid4 personality registered for level 4
[   63.507503] md: raid10 personality registered for level 10
done.
Begin: Running /scripts/init-pre[   63.664091] Btrfs loaded
mount ... done.
Begin: Mounting root file syste[   63.780726] EXT4-fs (sda1): INFO: recovery required on readonly filesystem
m ... Begin: Run[   63.955096] EXT4-fs (sda1): write access will be enabled during recovery
ning /scripts/local-top ... done.
Begin: Runnin[   64.174032] EXT4-fs (sda1): recovery complete
g /scripts/local[   64.308149] EXT4-fs (sda1): mounted filesystem with ordered data mode. Opts: (null)
-premount ... Scanning for Btrfs filesystems
done.
Warning: fsck not present, so skipping root file system
done.
Begin: Running /scripts/local-bottom ... done.
Begin: Running /scripts/init-bottom ... done.
[   64.824562] systemd[1]: systemd 229 running in system mode. (+PAM +AUDIT +SELINUX +IMA +APPARMOR +SMACK +SYSVINIT +UTMP +LIBCRYPTSETUP +GCRYPT +GNUTLS +ACL +XZ -LZ4 +SECCOMP +BLKID +ELFUTILS +KMOD -IDN)
[   65.395129] systemd[1]: Detected virtualization oracle.
[   65.563574] systemd[1]: Detected architecture x86-64.

Welcome to [1mUbuntu 16.04.4 LTS[0m!

[   65.779756] random: nonblocking pool is initialized
[   65.950181] systemd[1]: Set hostname to <ubuntu-xenial>.
[   66.252616] systemd[1]: Listening on Journal Socket (/dev/log).
[[0;32m  OK  [0m] Listening on Journal Socket (/dev/log).
[   66.523939] systemd[1]: Started Trigger resolvconf update for networkd DNS.
[[0;32m  OK  [0m] Started Trigger resolvconf update for networkd DNS.
[   66.835718] systemd[1]: Listening on udev Kernel Socket.
[[0;32m  OK  [0m] Listening on udev Kernel Socket.
[   67.016159] systemd[1]: Listening on Syslog Socket.
[[0;32m  OK  [0m] Listening on Syslog Socket.
[   67.171482] systemd[1]: Listening on Journal Audit Socket.
[[0;32m  OK  [0m] Listening on Journal Audit Socket.
[   67.387996] systemd[1]: Reached target User and Group Name Lookups.
[[0;32m  OK  [0m] Reached target User and Group Name Lookups.
[   67.583283] systemd[1]: Listening on LVM2 metadata daemon socket.
[[0;32m  OK  [0m] Listening on LVM2 metadata daemon socket.
[   67.819456] systemd[1]: Reached target System Time Synchronized.
[[0;32m  OK  [0m] Reached target System Time Synchronized.
[   68.079373] systemd[1]: Started Forward Password Requests to Wall Directory Watch.
[[0;32m  OK  [0m] Started Forward Password Requests to Wall Directory Watch.
[   68.267722] systemd[1]: Listening on Device-mapper event daemon FIFOs.
[[0;32m  OK  [0m] Listening on Device-mapper event daemon FIFOs.
[   68.547540] systemd[1]: Reached target Swap.
[[0;32m  OK  [0m] Reached target Swap.
[   68.711866] systemd[1]: Created slice System Slice.
[[0;32m  OK  [0m] Created slice System Slice.
[   68.919643] systemd[1]: Created slice system-serial\x2dgetty.slice.
[[0;32m  OK  [0m] Created slice system-serial\x2dgetty.slice.
[   69.187530] systemd[1]: Listening on LVM2 poll daemon socket.
[[0;32m  OK  [0m] Listening on LVM2 poll daemon socket.
[   69.443882] systemd[1]: Listening on Journal Socket.
[[0;32m  OK  [0m] Listening on Journal Socket.
[   69.667635] systemd[1]: Starting Monitoring of LVM2 mirrors, snapshots etc. using dmeventd or progress polling...
         Starting Monitoring of LVM2 mirrors... dmeventd or progress polling...
[   70.011307] systemd[1]: Starting Load Kernel Modules...
         [   70.176465] Loading iSCSI transport class v2.0-870.
Starting Load Ke[   70.300763] iscsi: registered transport (tcp)
rnel Modules...
[   70.474846] iscsi: registered transport (iser)
[   70.608300] systemd[1]: Starting Journal Service...
         Starting Journal Service...
[   70.771320] systemd[1]: Starting Create list of required static device nodes for the current kernel...
         Starting Create list of required st... nodes for the current kernel...
[   71.047680] systemd[1]: Starting Nameserver information manager...
         Starting Nameserver information manager...
[   71.252148] systemd[1]: Mounting Debug File System...
         Mounting Debug File System...
[   71.443699] systemd[1]: Created slice User and Session Slice.
[[0;32m  OK  [0m] Created slice User and Session Slice.
[   71.618294] systemd[1]: Reached target Slices.
[[0;32m  OK  [0m] Reached target Slices.
[   71.775212] systemd[1]: Starting Uncomplicated firewall...
         Starting Uncomplicated firewall...
[   71.867168] systemd[1]: Mounting POSIX Message Queue File System...
         Mounting POSIX Message Queue File System...
[   72.107134] systemd[1]: Starting Remount Root and Kernel File Systems...
[   72.110430] EXT4-fs (sda1): re-mounted. Opts: (null)
         Starting Remount Root and Kernel File Systems...
[   72.495763] systemd[1]: Listening on udev Control Socket.
[[0;32m  OK  [0m] Listening on udev Control Socket.
[   72.715617] systemd[1]: Reached target Encrypted Volumes.
[[0;32m  OK  [0m] Reached target Encrypted Volumes.
[   72.887251] systemd[1]: Mounting Huge Pages File System...
         Mounting Huge Pages File System...
[   73.031294] systemd[1]: Listening on /dev/initctl Compatibility Named Pipe.
[[0;32m  OK  [0m] Listening on /dev/initctl Compatibility Named Pipe.
[   73.227307] systemd[1]: Starting Set console keymap...
         Starting Set console keymap...
[   73.339656] systemd[1]: Set up automount Arbitrary Executable File Formats File System Automount Point.
[[0;32m  OK  [0m] Set up automount Arbitrary Executab...ats File System Automount Point.
[   73.460178] systemd[1]: Mounted Debug File System.
[[0;32m  OK  [0m] Mounted Debug File System.
[   73.635732] systemd[1]: Mounted POSIX Message Queue File System.
[[0;32m  OK  [0m] Mounted POSIX Message Queue File System.
[   73.907805] systemd[1]: Mounted Huge Pages File System.
[[0;32m  OK  [0m] Mounted Huge Pages File System.
[   73.983947] systemd[1]: Started Journal Service.
[[0;32m  OK  [0m] Started Journal Service.
[[0;32m  OK  [0m] Started Load Kernel Modules.
[[0;32m  OK  [0m] Started Create list of required sta...ce nodes for the current kernel.
[[0;32m  OK  [0m] Started Uncomplicated firewall.
[[0;32m  OK  [0m] Started Remount Root and Kernel File Systems.
[[0;32m  OK  [0m] Started Set console keymap.
[[0;32m  OK  [0m] Started Nameserver information manager.
[[0;32m  OK  [0m] Started LVM2 metadata daemon.
         Starting Load/Save Random Seed...
         Starting udev Coldplug all Devices...
         Starting Create Static Device Nodes in /dev...
         Starting Apply Kernel Variables...
         Mounting FUSE Control File System...
         Starting Flush Journal to Persistent Storage...
[[0;32m  OK  [0m] Mounted FUSE Control File System.
[[0;32m  OK  [0m] Started Load/Save Random Seed.
[[0;32m  OK  [0m] Started Monitoring of LVM2 mirrors,...ng dmeventd or progress polling.
[[0;32m  OK  [0m] Started Create Static Device Nodes in /dev.
[[0;32m  OK  [0m] Started Apply Kernel Variables.
[[0;32m  OK  [0m] Started udev Coldplug all Devices.
[[0;32m  OK  [0m] Started Flush Journal to Persistent Storage.
         Starting udev Kernel Device Manager...
[[0;32m  OK  [0m] Started udev Kernel Device Manager.
[[0;32m  OK  [0m] Started Dispatch Password Requests to Console Directory Watch.
[[0;32m  OK  [0m] Reached target Local File Systems (Pre).
[[0;32m  OK  [0m] Reached target Local File Systems.
         Starting Initial cloud-init job (pre-networking)...
         Starting Set console font and keymap...
         Starting LSB: AppArmor initialization...
         Starting Tell Plymouth To Write Out Runtime Data...
         Starting Create Volatile Files and Directories...
[[0;32m  OK  [0m] Started Tell Plymouth To Write Out Runtime Data.
[   35.371398] cloud-init[485]: Cloud-init v. 18.2 running 'init-local' at Thu, 26 Jul 2018 04:16:43 +0000. Up 35.07 seconds.
[[0;32m  OK  [0m] Started Create Volatile Files and Directories.
[[0;32m  OK  [0m] Started Set console font and keymap.
[[0;32m  OK  [0m] Started Initial cloud-init job (pre-networking).
[[0;32m  OK  [0m] Found device /dev/ttyS0.
[[0;32m  OK  [0m] Listening on Load/Save RF Kill Switch Status /dev/rfkill Watch.
[[0;32m  OK  [0m] Reached target Network (Pre).
[[0;32m  OK  [0m] Created slice system-getty.slice.
         Starting Update UTMP about System Boot/Shutdown...
[[0;32m  OK  [0m] Started LSB: AppArmor initialization.
         Starting Raise network interfaces...
[[0;32m  OK  [0m] Started ifup for enp0s3.
[[0;32m  OK  [0m] Started Update UTMP about System Boot/Shutdown.
[[0;32m  OK  [0m] Started Raise network interfaces.
[[0;32m  OK  [0m] Reached target Network.
         Starting Initial cloud-init job (metadata service crawler)...
[   37.386421] cloud-init[948]: Cloud-init v. 18.2 running 'init' at Thu, 26 Jul 2018 04:16:45 +0000. Up 37.00 seconds.
[   37.484903] cloud-init[948]: ci-info: +++++++++++++++++++++++++++++++++++++Net device info++++++++++++++++++++++++++++++++++++++
[   37.485253] cloud-init[948]: ci-info: +--------+------+----------------------------+---------------+-------+-------------------+
[[0;32m  OK  [0m] Started Initial cloud-init job (metadata service crawler).
[   37.485517] cloud-init[948]: ci-info: | Device |  Up  |          Address           |      Mask     | Scope |     Hw-Address    |
[   37.868266] cloud-init[948]: ci-info: +--------+------+----------------------------+---------------+-------+-------------------+
[   37.868621] cloud-init[948]: ci-info: | enp0s3 | True |         10.0.2.15          | 255.255.255.0 |   .   | 02:e8:84:b6:e7:35 |
[[0;32m  OK  [0m] Reached target System Initialization.
         Starting LXD - unix socket.
         Starting Socket activation for snappy daemon.
[[0;32m  OK  [0m] Listening on UUID daemon activation socket.
[   37.868819] cloud-init[948]: ci-info: | enp0s3 | True | fe80::e8:84ff:feb6:e735/64 |       .       |  link | 02:e8:84:b6:e7:35 |
[   38.424258] cloud-init[948]: ci-info: |   lo   | True |         127.0.0.1          |   255.0.0.0   |   .   |         .         |
[   38.424621] cloud-init[948]: ci-info: |   lo   | True |          ::1/128           |       .       |  host |         .         |
[[0;32m  OK  [0m] Started Daily apt download activities.
[[   38.424761] cloud-init[948]: ci-info: +--------+------+----------------------------+---------------+-------+-------------------+
[0;32m  OK  [0m] Listening on ACPID Listen Socket.
[   38.705766] cloud-init[948]: ci-info: +++++++++++++++++++++++++++Route IPv4 info++++++++++++++++++++++++++++
[   38.853198] cloud-init[948]: ci-info: +-------+-------------+----------+---------------+-----------+-------+
[[0;32m  OK  [0m] Started Daily Cleanup of Temporary Directories.
[[   38.853355] cloud-init[948]: ci-info: | Route | Destination | Gateway  |    Genmask    | Interface | Flags |
[   39.129210] cloud-init[948]: ci-info: +-------+-------------+----------+---------------+-----------+-------+
[   39.129451] cloud-init[948]: ci-info: |   0   |   0.0.0.0   | 10.0.2.2 |    0.0.0.0    |   enp0s3  |   UG  |
[   39.129716] cloud-init[948]: ci-info: |   1   |   10.0.2.0  | 0.0.0.0  | 255.255.255.0 |   enp0s3  |   U   |
[   39.129988] cloud-init[948]: ci-info: +-------+-------------+----------+---------------+-----------+-------+
[0;32m  OK  [0m] Listening on D-Bus System Message Bus Socket.
[[0;32m  OK  [0m] Started Daily apt upgrade and clean activities.
[[0;32m  OK  [0m] Reached target Timers.
[[0;32m  OK  [0m] Started ACPI Events Check.
[[0;32m  OK  [0m] Reached target Paths.
[[0;32m  OK  [0m] Reached target Network is Online.
         Starting iSCSI initiator daemon (iscsid)...
[[0;32m  OK  [0m] Reached target Cloud-config availability.
[[0;32m  OK  [0m] Listening on LXD - unix socket.
[[0;32m  OK  [0m] Listening on Socket activation for snappy daemon.
[[0;32m  OK  [0m] Reached target Sockets.
[[0;32m  OK  [0m] Reached target Basic System.
         Starting Accounts Service...
[[0;32m  OK  [0m] Started Deferred execution scheduler.
         Starting LSB: Record successful boot for GRUB...
         Starting Apply the settings specified in cloud-config...
         Starting System Logging Service...
[[0;32m  OK  [0m] Started Unattended Upgrades Shutdown.
         Starting Virtualbox guest utils...
[[0;32m  OK  [0m] Started Regular background program processing daemon.
         Starting Snappy daemon...
         Starting Login Service...
         Starting /etc/rc.local Compatibility...
         Starting LSB: MD monitoring daemon...
         Starting OpenBSD Secure Shell server...
[[0;32m  OK  [0m] Started ACPI event daemon.
[   40.961965] cloud-init[1016]: Cloud-init v. 18.2 running 'modules:config' at Thu, 26 Jul 2018 04:16:49 +0000. Up 40.73 seconds.
[[0;32m  OK  [0m] Started FUSE filesystem for LXC.
[[0;32m  OK  [0m] Started D-Bus System Message Bus.
         Starting LXD - container startup/shutdown...
[[0;32m  OK  [0m] Started System Logging Service.
[[0;32m  OK  [0m] Started Snappy daemon.
[[0;32m  OK  [0m] Started OpenBSD Secure Shell server.
[[0;32m  OK  [0m] Started iSCSI initiator daemon (iscsid).
[[0;32m  OK  [0m] Started Apply the settings specified in cloud-config.
[[0;32m  OK  [0m] Started /etc/rc.local Compatibility.
[[0;32m  OK  [0m] Started LXD - container startup/shutdown.
[[0;32m  OK  [0m] Started LSB: Record successful boot for GRUB.
[[0;32m  OK  [0m] Started LSB: MD monitoring daemon.
[[0;32m  OK  [0m] Started Virtualbox guest utils.
[[0;32m  OK  [0m] Started Login Service.
         Starting Authenticate and Authorize Users to Run Privileged Tasks...
         Starting Login to default iSCSI targets...
         Starting Wait until snapd is fully seeded...
[[0;32m  OK  [0m] Started Wait until snapd is fully seeded.
[[0;32m  OK  [0m] Started Authenticate and Authorize Users to Run Privileged Tasks.
[[0;32m  OK  [0m] Started Accounts Service.
[[0;32m  OK  [0m] Started Login to default iSCSI targets.
[[0;32m  OK  [0m] Reached target Remote File Systems (Pre).
[[0;32m  OK  [0m] Reached target Remote File Systems.
         Starting LSB: Set the CPU Frequency Scaling governor to "ondemand"...
         Starting LSB: daemon to balance interrupts for SMP systems...
         Starting Permit User Sessions...
         Starting LSB: automatic crash report generation...
[[0;32m  OK  [0m] Started Permit User Sessions.
[[0;32m  OK  [0m] Started LSB: Set the CPU Frequency Scaling governor to "ondemand".
         Starting Terminate Plymouth Boot Screen...
         Starting Hold until boot process finishes up...
[[0;32m  OK  [0m] Started LSB: daemon to balance interrupts for SMP systems.
[[0;32m  OK  [0m] Started LSB: automatic crash report generation.
[[0;32m  OK  [0m] Started Terminate Plymouth Boot Screen.
[[0;32m  OK  [0m] Started Hold until boot process finishes up.
[[0;32m  OK  [0m] Started Getty on tty1.
         Starting Set console scheme...
[[0;32m  OK  [0m] Started Serial Getty on ttyS0.
[[0;32m  OK  [0m] Reached target Login Prompts.
[[0;32m  OK  [0m] Reached target Multi-User System.
[[0;32m  OK  [0m] Reached target Graphical Interface.
         Starting Execute cloud user/final scripts...
         Starting Update UTMP about System Runlevel Changes...
[[0;32m  OK  [0m] Started Set console scheme.
[[0;32m  OK  [0m] Started Update UTMP about System Runlevel Changes.
[   44.169724] cloud-init[1189]: Cloud-init v. 18.2 running 'modules:final' at Thu, 26 Jul 2018 04:16:52 +0000. Up 43.98 seconds.
[[0;32m  OK  [0m] Started Execute cloud user/final scripts.
[   44.299088] cloud-init[1189]: Cloud-init v. 18.2 finished at Thu, 26 Jul 2018 04:16:52 +0000. Datasource DataSourceNoCloud [seed=/dev/sdb][dsmode=net].  Up 44.16 seconds
         Starting Daily apt download activities...
[[0;32m  OK  [0m] Reached target Cloud-init target.
[[0;32m  OK  [0m] Created slice User Slice of vagrant.
         Starting User Manager for UID 1000...
[[0;32m  OK  [0m] Started User Manager for UID 1000.
[[0;32m  OK  [0m] Started Session 1 of user vagrant.
         Stopping User Manager for UID 1000...
[[0;32m  OK  [0m] Stopped User Manager for UID 1000.
[[0;32m  OK  [0m] Removed slice User Slice of vagrant.

Ubuntu 16.04.4 LTS ubuntu-xenial ttyS0

ubuntu-xenial login: 